<?xml version="1.0" encoding="UTF-8"?>
<coverage generated="1762690203560" clover="3.2.0">
  <project timestamp="1762690203560" name="All files">
    <metrics statements="38" coveredstatements="38" conditionals="18" coveredconditionals="18" methods="7" coveredmethods="7" elements="63" coveredelements="63" complexity="0" loc="38" ncloc="38" packages="2" files="7" classes="7"/>
    <package name="crypto">
      <metrics statements="15" coveredstatements="15" conditionals="0" coveredconditionals="0" methods="2" coveredmethods="2"/>
      <file name="decryptVaultEntry.ts" path="/Users/bobbycurley/Oregon State/CS467_Capstone/refactor-vault-crypto/secure-password-manager/frontend/web/src/utils/crypto/decryptVaultEntry.ts">
        <metrics statements="7" coveredstatements="7" conditionals="0" coveredconditionals="0" methods="1" coveredmethods="1"/>
        <line num="14" count="1" type="stmt"/>
        <line num="15" count="4" type="stmt"/>
        <line num="24" count="4" type="stmt"/>
        <line num="27" count="4" type="stmt"/>
        <line num="28" count="4" type="stmt"/>
        <line num="30" count="4" type="stmt"/>
        <line num="39" count="2" type="stmt"/>
      </file>
      <file name="encryptVaultEntry.ts" path="/Users/bobbycurley/Oregon State/CS467_Capstone/refactor-vault-crypto/secure-password-manager/frontend/web/src/utils/crypto/encryptVaultEntry.ts">
        <metrics statements="8" coveredstatements="8" conditionals="0" coveredconditionals="0" methods="1" coveredmethods="1"/>
        <line num="15" count="1" type="stmt"/>
        <line num="16" count="8" type="stmt"/>
        <line num="24" count="7" type="stmt"/>
        <line num="26" count="7" type="stmt"/>
        <line num="36" count="6" type="stmt"/>
        <line num="37" count="6" type="stmt"/>
        <line num="38" count="6" type="stmt"/>
        <line num="40" count="6" type="stmt"/>
      </file>
      <file name="index.ts" path="/Users/bobbycurley/Oregon State/CS467_Capstone/refactor-vault-crypto/secure-password-manager/frontend/web/src/utils/crypto/index.ts">
        <metrics statements="0" coveredstatements="0" conditionals="0" coveredconditionals="0" methods="0" coveredmethods="0"/>
      </file>
    </package>
    <package name="crypto.helpers">
      <metrics statements="23" coveredstatements="23" conditionals="18" coveredconditionals="18" methods="5" coveredmethods="5"/>
      <file name="index.ts" path="/Users/bobbycurley/Oregon State/CS467_Capstone/refactor-vault-crypto/secure-password-manager/frontend/web/src/utils/crypto/helpers/index.ts">
        <metrics statements="0" coveredstatements="0" conditionals="0" coveredconditionals="0" methods="0" coveredmethods="0"/>
      </file>
      <file name="isValidHex.ts" path="/Users/bobbycurley/Oregon State/CS467_Capstone/refactor-vault-crypto/secure-password-manager/frontend/web/src/utils/crypto/helpers/isValidHex.ts">
        <metrics statements="4" coveredstatements="4" conditionals="4" coveredconditionals="4" methods="1" coveredmethods="1"/>
        <line num="1" count="1" type="stmt"/>
        <line num="9" count="1" type="stmt"/>
        <line num="10" count="32" type="cond" truecount="2" falsecount="0"/>
        <line num="11" count="29" type="cond" truecount="2" falsecount="0"/>
      </file>
      <file name="toBytes.ts" path="/Users/bobbycurley/Oregon State/CS467_Capstone/refactor-vault-crypto/secure-password-manager/frontend/web/src/utils/crypto/helpers/toBytes.ts">
        <metrics statements="11" coveredstatements="11" conditionals="8" coveredconditionals="8" methods="2" coveredmethods="2"/>
        <line num="20" count="1" type="stmt"/>
        <line num="21" count="28" type="cond" truecount="2" falsecount="0"/>
        <line num="23" count="27" type="cond" truecount="2" falsecount="0"/>
        <line num="25" count="22" type="cond" truecount="2" falsecount="0"/>
        <line num="27" count="16" type="stmt"/>
        <line num="28" count="524" type="stmt"/>
        <line num="29" count="16" type="stmt"/>
        <line num="33" count="6" type="stmt"/>
        <line num="36" count="5" type="cond" truecount="2" falsecount="0"/>
        <line num="37" count="2" type="stmt"/>
        <line num="40" count="3" type="stmt"/>
      </file>
      <file name="toHex.ts" path="/Users/bobbycurley/Oregon State/CS467_Capstone/refactor-vault-crypto/secure-password-manager/frontend/web/src/utils/crypto/helpers/toHex.ts">
        <metrics statements="8" coveredstatements="8" conditionals="6" coveredconditionals="6" methods="2" coveredmethods="2"/>
        <line num="20" count="1" type="stmt"/>
        <line num="22" count="10" type="cond" truecount="2" falsecount="0"/>
        <line num="23" count="2" type="cond" truecount="2" falsecount="0"/>
        <line num="24" count="1" type="stmt"/>
        <line num="26" count="1" type="stmt"/>
        <line num="30" count="8" type="cond" truecount="2" falsecount="0"/>
        <line num="31" count="257" type="stmt"/>
        <line num="34" count="1" type="stmt"/>
      </file>
    </package>
  </project>
</coverage>
