{"/Users/bobbycurley/Oregon State/CS467_Capstone/refactor-vault-crypto/secure-password-manager/frontend/web/src/utils/crypto/decryptVaultEntry.ts": {"path":"/Users/bobbycurley/Oregon State/CS467_Capstone/refactor-vault-crypto/secure-password-manager/frontend/web/src/utils/crypto/decryptVaultEntry.ts","statementMap":{"0":{"start":{"line":14,"column":33},"end":{"line":40,"column":null}},"1":{"start":{"line":15,"column":16},"end":{"line":21,"column":null}},"2":{"start":{"line":24,"column":4},"end":{"line":24,"column":null}},"3":{"start":{"line":27,"column":18},"end":{"line":27,"column":null}},"4":{"start":{"line":28,"column":23},"end":{"line":28,"column":null}},"5":{"start":{"line":30,"column":22},"end":{"line":37,"column":null}},"6":{"start":{"line":39,"column":4},"end":{"line":39,"column":null}}},"fnMap":{"0":{"name":"(anonymous_0)","decl":{"start":{"line":14,"column":33},"end":{"line":14,"column":40}},"loc":{"start":{"line":14,"column":118},"end":{"line":40,"column":null}},"line":14}},"branchMap":{},"s":{"0":1,"1":4,"2":4,"3":4,"4":4,"5":4,"6":2},"f":{"0":4},"b":{},"meta":{"lastBranch":0,"lastFunction":1,"lastStatement":7,"seen":{"s:14:33:40:Infinity":0,"f:14:33:14:40":0,"s:15:16:21:Infinity":1,"s:24:4:24:Infinity":2,"s:27:18:27:Infinity":3,"s:28:23:28:Infinity":4,"s:30:22:37:Infinity":5,"s:39:4:39:Infinity":6}}}
,"/Users/bobbycurley/Oregon State/CS467_Capstone/refactor-vault-crypto/secure-password-manager/frontend/web/src/utils/crypto/encryptVaultEntry.ts": {"path":"/Users/bobbycurley/Oregon State/CS467_Capstone/refactor-vault-crypto/secure-password-manager/frontend/web/src/utils/crypto/encryptVaultEntry.ts","statementMap":{"0":{"start":{"line":15,"column":33},"end":{"line":41,"column":null}},"1":{"start":{"line":16,"column":16},"end":{"line":22,"column":null}},"2":{"start":{"line":24,"column":18},"end":{"line":24,"column":null}},"3":{"start":{"line":26,"column":22},"end":{"line":33,"column":null}},"4":{"start":{"line":36,"column":23},"end":{"line":36,"column":null}},"5":{"start":{"line":37,"column":4},"end":{"line":37,"column":null}},"6":{"start":{"line":38,"column":4},"end":{"line":38,"column":null}},"7":{"start":{"line":40,"column":4},"end":{"line":40,"column":null}}},"fnMap":{"0":{"name":"(anonymous_0)","decl":{"start":{"line":15,"column":33},"end":{"line":15,"column":40}},"loc":{"start":{"line":15,"column":114},"end":{"line":41,"column":null}},"line":15}},"branchMap":{},"s":{"0":1,"1":8,"2":7,"3":7,"4":6,"5":6,"6":6,"7":6},"f":{"0":8},"b":{},"meta":{"lastBranch":0,"lastFunction":1,"lastStatement":8,"seen":{"s:15:33:41:Infinity":0,"f:15:33:15:40":0,"s:16:16:22:Infinity":1,"s:24:18:24:Infinity":2,"s:26:22:33:Infinity":3,"s:36:23:36:Infinity":4,"s:37:4:37:Infinity":5,"s:38:4:38:Infinity":6,"s:40:4:40:Infinity":7}}}
,"/Users/bobbycurley/Oregon State/CS467_Capstone/refactor-vault-crypto/secure-password-manager/frontend/web/src/utils/crypto/index.ts": {"path":"/Users/bobbycurley/Oregon State/CS467_Capstone/refactor-vault-crypto/secure-password-manager/frontend/web/src/utils/crypto/index.ts","statementMap":{},"fnMap":{},"branchMap":{},"s":{},"f":{},"b":{},"meta":{"lastBranch":0,"lastFunction":0,"lastStatement":0,"seen":{}}}
,"/Users/bobbycurley/Oregon State/CS467_Capstone/refactor-vault-crypto/secure-password-manager/frontend/web/src/utils/crypto/helpers/index.ts": {"path":"/Users/bobbycurley/Oregon State/CS467_Capstone/refactor-vault-crypto/secure-password-manager/frontend/web/src/utils/crypto/helpers/index.ts","statementMap":{},"fnMap":{},"branchMap":{},"s":{},"f":{},"b":{},"meta":{"lastBranch":0,"lastFunction":0,"lastStatement":0,"seen":{}}}
,"/Users/bobbycurley/Oregon State/CS467_Capstone/refactor-vault-crypto/secure-password-manager/frontend/web/src/utils/crypto/helpers/isValidHex.ts": {"path":"/Users/bobbycurley/Oregon State/CS467_Capstone/refactor-vault-crypto/secure-password-manager/frontend/web/src/utils/crypto/helpers/isValidHex.ts","statementMap":{"0":{"start":{"line":1,"column":18},"end":{"line":1,"column":null}},"1":{"start":{"line":9,"column":26},"end":{"line":12,"column":null}},"2":{"start":{"line":10,"column":4},"end":{"line":10,"column":null}},"3":{"start":{"line":10,"column":35},"end":{"line":10,"column":null}},"4":{"start":{"line":11,"column":4},"end":{"line":11,"column":null}}},"fnMap":{"0":{"name":"(anonymous_0)","decl":{"start":{"line":9,"column":26},"end":{"line":9,"column":27}},"loc":{"start":{"line":9,"column":54},"end":{"line":12,"column":null}},"line":9}},"branchMap":{"0":{"loc":{"start":{"line":10,"column":4},"end":{"line":10,"column":null}},"type":"if","locations":[{"start":{"line":10,"column":4},"end":{"line":10,"column":null}},{"start":{},"end":{}}],"line":10},"1":{"loc":{"start":{"line":11,"column":11},"end":{"line":11,"column":null}},"type":"binary-expr","locations":[{"start":{"line":11,"column":11},"end":{"line":11,"column":36}},{"start":{"line":11,"column":36},"end":{"line":11,"column":null}}],"line":11}},"s":{"0":1,"1":1,"2":32,"3":3,"4":29},"f":{"0":32},"b":{"0":[3,29],"1":[29,21]},"meta":{"lastBranch":2,"lastFunction":1,"lastStatement":5,"seen":{"s:1:18:1:Infinity":0,"s:9:26:12:Infinity":1,"f:9:26:9:27":0,"b:10:4:10:Infinity:undefined:undefined:undefined:undefined":0,"s:10:4:10:Infinity":2,"s:10:35:10:Infinity":3,"s:11:4:11:Infinity":4,"b:11:11:11:36:11:36:11:Infinity":1}}}
,"/Users/bobbycurley/Oregon State/CS467_Capstone/refactor-vault-crypto/secure-password-manager/frontend/web/src/utils/crypto/helpers/toBytes.ts": {"path":"/Users/bobbycurley/Oregon State/CS467_Capstone/refactor-vault-crypto/secure-password-manager/frontend/web/src/utils/crypto/helpers/toBytes.ts","statementMap":{"0":{"start":{"line":20,"column":23},"end":{"line":41,"column":null}},"1":{"start":{"line":21,"column":4},"end":{"line":21,"column":null}},"2":{"start":{"line":21,"column":37},"end":{"line":21,"column":null}},"3":{"start":{"line":23,"column":4},"end":{"line":34,"column":null}},"4":{"start":{"line":25,"column":8},"end":{"line":30,"column":null}},"5":{"start":{"line":27,"column":26},"end":{"line":27,"column":null}},"6":{"start":{"line":28,"column":26},"end":{"line":28,"column":null}},"7":{"start":{"line":28,"column":46},"end":{"line":28,"column":64}},"8":{"start":{"line":29,"column":12},"end":{"line":29,"column":null}},"9":{"start":{"line":33,"column":8},"end":{"line":33,"column":null}},"10":{"start":{"line":36,"column":4},"end":{"line":38,"column":null}},"11":{"start":{"line":37,"column":8},"end":{"line":37,"column":null}},"12":{"start":{"line":40,"column":4},"end":{"line":40,"column":null}}},"fnMap":{"0":{"name":"(anonymous_0)","decl":{"start":{"line":20,"column":23},"end":{"line":20,"column":24}},"loc":{"start":{"line":20,"column":76},"end":{"line":41,"column":null}},"line":20},"1":{"name":"(anonymous_1)","decl":{"start":{"line":28,"column":36},"end":{"line":28,"column":37}},"loc":{"start":{"line":28,"column":46},"end":{"line":28,"column":64}},"line":28}},"branchMap":{"0":{"loc":{"start":{"line":21,"column":4},"end":{"line":21,"column":null}},"type":"if","locations":[{"start":{"line":21,"column":4},"end":{"line":21,"column":null}},{"start":{},"end":{}}],"line":21},"1":{"loc":{"start":{"line":23,"column":4},"end":{"line":34,"column":null}},"type":"if","locations":[{"start":{"line":23,"column":4},"end":{"line":34,"column":null}},{"start":{},"end":{}}],"line":23},"2":{"loc":{"start":{"line":25,"column":8},"end":{"line":30,"column":null}},"type":"if","locations":[{"start":{"line":25,"column":8},"end":{"line":30,"column":null}},{"start":{},"end":{}}],"line":25},"3":{"loc":{"start":{"line":36,"column":4},"end":{"line":38,"column":null}},"type":"if","locations":[{"start":{"line":36,"column":4},"end":{"line":38,"column":null}},{"start":{},"end":{}}],"line":36}},"s":{"0":1,"1":28,"2":1,"3":27,"4":22,"5":16,"6":16,"7":524,"8":16,"9":6,"10":5,"11":2,"12":3},"f":{"0":28,"1":524},"b":{"0":[1,27],"1":[22,5],"2":[16,6],"3":[2,3]},"meta":{"lastBranch":4,"lastFunction":2,"lastStatement":13,"seen":{"s:20:23:41:Infinity":0,"f:20:23:20:24":0,"b:21:4:21:Infinity:undefined:undefined:undefined:undefined":0,"s:21:4:21:Infinity":1,"s:21:37:21:Infinity":2,"b:23:4:34:Infinity:undefined:undefined:undefined:undefined":1,"s:23:4:34:Infinity":3,"b:25:8:30:Infinity:undefined:undefined:undefined:undefined":2,"s:25:8:30:Infinity":4,"s:27:26:27:Infinity":5,"s:28:26:28:Infinity":6,"f:28:36:28:37":1,"s:28:46:28:64":7,"s:29:12:29:Infinity":8,"s:33:8:33:Infinity":9,"b:36:4:38:Infinity:undefined:undefined:undefined:undefined":3,"s:36:4:38:Infinity":10,"s:37:8:37:Infinity":11,"s:40:4:40:Infinity":12}}}
,"/Users/bobbycurley/Oregon State/CS467_Capstone/refactor-vault-crypto/secure-password-manager/frontend/web/src/utils/crypto/helpers/toHex.ts": {"path":"/Users/bobbycurley/Oregon State/CS467_Capstone/refactor-vault-crypto/secure-password-manager/frontend/web/src/utils/crypto/helpers/toHex.ts","statementMap":{"0":{"start":{"line":20,"column":21},"end":{"line":35,"column":null}},"1":{"start":{"line":22,"column":4},"end":{"line":27,"column":null}},"2":{"start":{"line":23,"column":8},"end":{"line":25,"column":null}},"3":{"start":{"line":24,"column":12},"end":{"line":24,"column":null}},"4":{"start":{"line":26,"column":8},"end":{"line":26,"column":null}},"5":{"start":{"line":30,"column":4},"end":{"line":32,"column":null}},"6":{"start":{"line":31,"column":8},"end":{"line":31,"column":null}},"7":{"start":{"line":31,"column":43},"end":{"line":31,"column":77}},"8":{"start":{"line":34,"column":4},"end":{"line":34,"column":null}}},"fnMap":{"0":{"name":"(anonymous_0)","decl":{"start":{"line":20,"column":21},"end":{"line":20,"column":22}},"loc":{"start":{"line":20,"column":61},"end":{"line":35,"column":null}},"line":20},"1":{"name":"(anonymous_1)","decl":{"start":{"line":31,"column":33},"end":{"line":31,"column":34}},"loc":{"start":{"line":31,"column":43},"end":{"line":31,"column":77}},"line":31}},"branchMap":{"0":{"loc":{"start":{"line":22,"column":4},"end":{"line":27,"column":null}},"type":"if","locations":[{"start":{"line":22,"column":4},"end":{"line":27,"column":null}},{"start":{},"end":{}}],"line":22},"1":{"loc":{"start":{"line":23,"column":8},"end":{"line":25,"column":null}},"type":"if","locations":[{"start":{"line":23,"column":8},"end":{"line":25,"column":null}},{"start":{},"end":{}}],"line":23},"2":{"loc":{"start":{"line":30,"column":4},"end":{"line":32,"column":null}},"type":"if","locations":[{"start":{"line":30,"column":4},"end":{"line":32,"column":null}},{"start":{},"end":{}}],"line":30}},"s":{"0":1,"1":10,"2":2,"3":1,"4":1,"5":8,"6":7,"7":257,"8":1},"f":{"0":10,"1":257},"b":{"0":[2,8],"1":[1,1],"2":[7,1]},"meta":{"lastBranch":3,"lastFunction":2,"lastStatement":9,"seen":{"s:20:21:35:Infinity":0,"f:20:21:20:22":0,"b:22:4:27:Infinity:undefined:undefined:undefined:undefined":0,"s:22:4:27:Infinity":1,"b:23:8:25:Infinity:undefined:undefined:undefined:undefined":1,"s:23:8:25:Infinity":2,"s:24:12:24:Infinity":3,"s:26:8:26:Infinity":4,"b:30:4:32:Infinity:undefined:undefined:undefined:undefined":2,"s:30:4:32:Infinity":5,"s:31:8:31:Infinity":6,"f:31:33:31:34":1,"s:31:43:31:77":7,"s:34:4:34:Infinity":8}}}
}
